<?xml version="1.0" encoding="UTF-8"?>
<!-- Generated by org.testng.reporters.JUnitReportReporter -->
<testsuite hostname="DESKTOP-VCUM36R" failures="0" tests="2" name="mavenTest.TestNg" time="35.518" errors="0" timestamp="2022-03-02T22:28:09 IST" skipped="0">
  <testcase classname="mavenTest.TestNg" name="verifyReportPage" time="31.152"/>
  <system-out/>
  <testcase classname="mavenTest.TestNg" name="verifyTaskPage" time="4.366"/>
  <system-out/>
</testsuite> <!-- mavenTest.TestNg -->
