<?xml version="1.0" encoding="UTF-8"?>
<!-- Generated by org.testng.reporters.JUnitReportReporter -->
<testsuite hostname="DESKTOP-VCUM36R" failures="0" tests="2" name="pomExecution.NewTestNG2" time="0.000" errors="0" timestamp="2022-03-05T12:47:31 IST" skipped="2">
  <testcase classname="pomExecution.NewTestNG2" name="loginPage" time="0.000">
    <skipped/>
  </testcase> <!-- loginPage -->
  <system-out/>
  <testcase classname="pomExecution.NewTestNG2" name="loginPage" time="0.000">
    <skipped/>
  </testcase> <!-- loginPage -->
  <system-out/>
</testsuite> <!-- pomExecution.NewTestNG2 -->
